Processing rewards for 687080 rounds of pool 411756
Round start: 8150000
Round end: 8837080
Target APR: 28.75
Duration days approx: 22.35
Duration Rate: 1.7601 %
Avg TVL in provided duration: 39,804.878
Reward: 700.618
KRGQTWOEDRJ7476DIORQDSLUZMJLHPQ2KKGAZTNGQ6KWPI2UT3KD42EX64 525.1877780721937 VOI
VOIUK3B5KQXVMVMYMLZOELHNABRKV27BP3CZRIK2ZCF7HEFP4F6APX76NM 118.348603768085 VOI
DYX2V5XF4IKOHE55Z63XAHVBJTMYM723HK5WJZ72BDZ5AFEFKJ5YP4DOQQ 28.96408799368728 VOI
27A3ANJ4DR6Y3O7HWB77OYIOW3KKZ42QUHQ3C6OTN53IN64MC3WZEYTJR4 19.415430505898115 VOI
Distributor Address:  PQLEIGOCZIX5ARW6XSQVENKHYLHKILIOFQ5E5SBX5WUJIJ7MP7P4FZJ6TM
Processing rewards for 56782 rounds of pool 411756
Round start: 8837081
Round end: 8893863
Target APR: 28.75
Duration days approx: 1.85
Duration Rate: 0.1455 %
Avg TVL in provided duration: 769,562.464
Reward: 1,119.418
BUD2763FMK6EYVKGHWWUN4QKHPSPCVFUEPPI4PQCPGYVPGQ6GNKBX6IXCQ 536.8648409334611 VOI
DYX2V5XF4IKOHE55Z63XAHVBJTMYM723HK5WJZ72BDZ5AFEFKJ5YP4DOQQ 479.2185478345415 VOI
KRGQTWOEDRJ7476DIORQDSLUZMJLHPQ2KKGAZTNGQ6KWPI2UT3KD42EX64 71.96126062946486 VOI
VOIUK3B5KQXVMVMYMLZOELHNABRKV27BP3CZRIK2ZCF7HEFP4F6APX76NM 30.064479988437277 VOI
Distributor Address:  PQLEIGOCZIX5ARW6XSQVENKHYLHKILIOFQ5E5SBX5WUJIJ7MP7P4FZJ6TM
Processing rewards for 30999 rounds of pool 411756
Round start: 8893864
Round end: 8924863
Target APR: 28.75
Duration days approx: 1.01
Duration Rate: 0.0794 %
Avg TVL in provided duration: 5,270,053.664
Reward: 4,185.047
DYX2V5XF4IKOHE55Z63XAHVBJTMYM723HK5WJZ72BDZ5AFEFKJ5YP4DOQQ 3526.9568609951216 VOI
BUD2763FMK6EYVKGHWWUN4QKHPSPCVFUEPPI4PQCPGYVPGQ6GNKBX6IXCQ 625.7579425558661 VOI
KRGQTWOEDRJ7476DIORQDSLUZMJLHPQ2KKGAZTNGQ6KWPI2UT3KD42EX64 19.66231223426124 VOI
VOIUK3B5KQXVMVMYMLZOELHNABRKV27BP3CZRIK2ZCF7HEFP4F6APX76NM 7.857969345991137 VOI
Distributor Address:  PQLEIGOCZIX5ARW6XSQVENKHYLHKILIOFQ5E5SBX5WUJIJ7MP7P4FZJ6TM
Processing rewards for 38505 rounds of pool 411756
Round start: 8924864
Round end: 8963369
Target APR: 28.75
Duration days approx: 1.25
Duration Rate: 0.0986 %
Avg TVL in provided duration: 5,310,667.976
Reward: 5,238.463
DYX2V5XF4IKOHE55Z63XAHVBJTMYM723HK5WJZ72BDZ5AFEFKJ5YP4DOQQ 4423.612121016348 VOI
BUD2763FMK6EYVKGHWWUN4QKHPSPCVFUEPPI4PQCPGYVPGQ6GNKBX6IXCQ 776.5297263493998 VOI
KRGQTWOEDRJ7476DIORQDSLUZMJLHPQ2KKGAZTNGQ6KWPI2UT3KD42EX64 24.205470197202864 VOI
VOIUK3B5KQXVMVMYMLZOELHNABRKV27BP3CZRIK2ZCF7HEFP4F6APX76NM 10.08561258216786 VOI
Distributor Address:  PQLEIGOCZIX5ARW6XSQVENKHYLHKILIOFQ5E5SBX5WUJIJ7MP7P4FZJ6TM
Processing rewards for 33589 rounds of pool 411756
Round start: 8963370
Round end: 8996959
Target APR: 28.75
Duration days approx: 1.09
Duration Rate: 0.0860 %
Avg TVL in provided duration: 5,541,907.979
Reward: 4,768.634
DYX2V5XF4IKOHE55Z63XAHVBJTMYM723HK5WJZ72BDZ5AFEFKJ5YP4DOQQ 4031.6854577931945 VOI
BUD2763FMK6EYVKGHWWUN4QKHPSPCVFUEPPI4PQCPGYVPGQ6GNKBX6IXCQ 703.1832248215712 VOI
KRGQTWOEDRJ7476DIORQDSLUZMJLHPQ2KKGAZTNGQ6KWPI2UT3KD42EX64 22.424977556952157 VOI
VOIUK3B5KQXVMVMYMLZOELHNABRKV27BP3CZRIK2ZCF7HEFP4F6APX76NM 9.61070466726521 VOI
Distributor Address:  PQLEIGOCZIX5ARW6XSQVENKHYLHKILIOFQ5E5SBX5WUJIJ7MP7P4FZJ6TM
Processing rewards for 28304 rounds of pool 411756
Round start: 8996960
Round end: 9025264
Target APR: 28.75
Duration days approx: 0.92
Duration Rate: 0.0725 %
Avg TVL in provided duration: 10,053,124.625
Reward: 7,289.311
DYX2V5XF4IKOHE55Z63XAHVBJTMYM723HK5WJZ72BDZ5AFEFKJ5YP4DOQQ 6364.999248901611 VOI
BUD2763FMK6EYVKGHWWUN4QKHPSPCVFUEPPI4PQCPGYVPGQ6GNKBX6IXCQ 881.5477587683941 VOI
KRGQTWOEDRJ7476DIORQDSLUZMJLHPQ2KKGAZTNGQ6KWPI2UT3KD42EX64 28.789570823178657 VOI
VOIUK3B5KQXVMVMYMLZOELHNABRKV27BP3CZRIK2ZCF7HEFP4F6APX76NM 11.541676225781197 VOI
Distributor Address:  PQLEIGOCZIX5ARW6XSQVENKHYLHKILIOFQ5E5SBX5WUJIJ7MP7P4FZJ6TM
Processing rewards for 28067 rounds of pool 411756
Round start: 9025265
Round end: 9053332
Target APR: 28.75
Duration days approx: 0.91
Duration Rate: 0.0719 %
Avg TVL in provided duration: 24,989,771.337
Reward: 17,967.84
DYX2V5XF4IKOHE55Z63XAHVBJTMYM723HK5WJZ72BDZ5AFEFKJ5YP4DOQQ 17313.351295118016 VOI
BUD2763FMK6EYVKGHWWUN4QKHPSPCVFUEPPI4PQCPGYVPGQ6GNKBX6IXCQ 615.2720238870953 VOI
KRGQTWOEDRJ7476DIORQDSLUZMJLHPQ2KKGAZTNGQ6KWPI2UT3KD42EX64 20.172853242199846 VOI
VOIUK3B5KQXVMVMYMLZOELHNABRKV27BP3CZRIK2ZCF7HEFP4F6APX76NM 5.0432133105499615 VOI
Distributor Address:  PQLEIGOCZIX5ARW6XSQVENKHYLHKILIOFQ5E5SBX5WUJIJ7MP7P4FZJ6TM

Pool ID: 411756
Round range: 9053333 - 9083289 ( 29956 rounds )
Target APR: 28.75
Duration in days: 0.97
%: 0.0767
Avg TVL: 25211411.671
Reward: 19347.22

DYX2V5XF4IKOHE55Z63XAHVBJTMYM723HK5WJZ72BDZ5AFEFKJ5YP4DOQQ 18645.239 VOI
BUD2763FMK6EYVKGHWWUN4QKHPSPCVFUEPPI4PQCPGYVPGQ6GNKBX6IXCQ 660.727 VOI
KRGQTWOEDRJ7476DIORQDSLUZMJLHPQ2KKGAZTNGQ6KWPI2UT3KD42EX64 17.388 VOI
VOIUK3B5KQXVMVMYMLZOELHNABRKV27BP3CZRIK2ZCF7HEFP4F6APX76NM 5.796 VOI
Distributor Address:  PQLEIGOCZIX5ARW6XSQVENKHYLHKILIOFQ5E5SBX5WUJIJ7MP7P4FZJ6TM

==============================================


Pool ID: 411756
Round range: 9083290 - 9117712 ( 34422 rounds )
Target APR: 28.75
Duration in days: 1.12
%: 0.0882
Avg TVL: 25465919.344
Reward: 22456.034

DYX2V5XF4IKOHE55Z63XAHVBJTMYM723HK5WJZ72BDZ5AFEFKJ5YP4DOQQ 21644.113 VOI
BUD2763FMK6EYVKGHWWUN4QKHPSPCVFUEPPI4PQCPGYVPGQ6GNKBX6IXCQ 765.274 VOI
KRGQTWOEDRJ7476DIORQDSLUZMJLHPQ2KKGAZTNGQ6KWPI2UT3KD42EX64 23.19 VOI
VOIUK3B5KQXVMVMYMLZOELHNABRKV27BP3CZRIK2ZCF7HEFP4F6APX76NM 7.73 VOI
Distributor Address:  PQLEIGOCZIX5ARW6XSQVENKHYLHKILIOFQ5E5SBX5WUJIJ7MP7P4FZJ6TM

==============================================

