
Exists: V36OSQA2MW6BR6YW7ILSS3QUFSV6OWOOOARGVTOGV6CFILF52NCA
https://block.voi.network/explorer/transaction/V36OSQA2MW6BR6YW7ILSS3QUFSV6OWOOOARGVTOGV6CFILF52NCA

Exists: V7HXXTRABM66YVQONDXCUIBUSESMDGQ2HHHO242NAELLCUX4OHWQ
https://block.voi.network/explorer/transaction/V7HXXTRABM66YVQONDXCUIBUSESMDGQ2HHHO242NAELLCUX4OHWQ

Exists: HQZHB75TLP7TF4SAAATIVFJV6YXXTUKLQAGAS33PJXNINX6I63HA
https://block.voi.network/explorer/transaction/HQZHB75TLP7TF4SAAATIVFJV6YXXTUKLQAGAS33PJXNINX6I63HA

Exists: FCB2CG3O4D4JVHJVVM2OEXOFQFM6BLMBH5VTPFDEOSTCW4JKW2CQ
https://block.voi.network/explorer/transaction/FCB2CG3O4D4JVHJVVM2OEXOFQFM6BLMBH5VTPFDEOSTCW4JKW2CQ


Exists: DY6T5V6QITXP5VG4TYZ2HXIAWLRRI3AVKTJENTMA4I2W3L6MZMPQ
https://block.voi.network/explorer/transaction/DY6T5V6QITXP5VG4TYZ2HXIAWLRRI3AVKTJENTMA4I2W3L6MZMPQ

Exists: Z45KJYKZ7HZEH3WCCDU3DZTKMT3YYOP2HDMPBWZSWMO42C5AI5AQ
https://block.voi.network/explorer/transaction/Z45KJYKZ7HZEH3WCCDU3DZTKMT3YYOP2HDMPBWZSWMO42C5AI5AQ

Exists: QOMJXB3GU6BGYPJYJWKJUHUICYBQMZ7RLOTWIX4HKT6LS623OX6Q
https://block.voi.network/explorer/transaction/QOMJXB3GU6BGYPJYJWKJUHUICYBQMZ7RLOTWIX4HKT6LS623OX6Q

Exists: 2VK6BNYRUVD3GKPWOUVEW4EGKUGLJK66DPDVN26Z6QCJPZ57FJEA
https://block.voi.network/explorer/transaction/2VK6BNYRUVD3GKPWOUVEW4EGKUGLJK66DPDVN26Z6QCJPZ57FJEA

Exists: V36OSQA2MW6BR6YW7ILSS3QUFSV6OWOOOARGVTOGV6CFILF52NCA
https://block.voi.network/explorer/transaction/V36OSQA2MW6BR6YW7ILSS3QUFSV6OWOOOARGVTOGV6CFILF52NCA

Exists: V7HXXTRABM66YVQONDXCUIBUSESMDGQ2HHHO242NAELLCUX4OHWQ
https://block.voi.network/explorer/transaction/V7HXXTRABM66YVQONDXCUIBUSESMDGQ2HHHO242NAELLCUX4OHWQ

Exists: HQZHB75TLP7TF4SAAATIVFJV6YXXTUKLQAGAS33PJXNINX6I63HA
https://block.voi.network/explorer/transaction/HQZHB75TLP7TF4SAAATIVFJV6YXXTUKLQAGAS33PJXNINX6I63HA

Exists: FCB2CG3O4D4JVHJVVM2OEXOFQFM6BLMBH5VTPFDEOSTCW4JKW2CQ
https://block.voi.network/explorer/transaction/FCB2CG3O4D4JVHJVVM2OEXOFQFM6BLMBH5VTPFDEOSTCW4JKW2CQ


Exists: WW2MCW2D3BGY3YHRTYNGVTATRMSQMJVDQLWRK3LPUGT66EYWCD7Q
https://block.voi.network/explorer/transaction/WW2MCW2D3BGY3YHRTYNGVTATRMSQMJVDQLWRK3LPUGT66EYWCD7Q

Exists: DZBWCSM4HL2NOMMZNH7FGT62BTIJPH7DGFN2OUDOKM6JUUOOTC6Q
https://block.voi.network/explorer/transaction/DZBWCSM4HL2NOMMZNH7FGT62BTIJPH7DGFN2OUDOKM6JUUOOTC6Q

Exists: 5BLMKWRDYKCS2VID5JMQRUJTH3JTVQ2C5Z3J6QST3PS23KRJ3JBQ
https://block.voi.network/explorer/transaction/5BLMKWRDYKCS2VID5JMQRUJTH3JTVQ2C5Z3J6QST3PS23KRJ3JBQ

Exists: 754ZIHZ4W6ILHSNCYAMC2BVP4Z5YEAWNNUWYXUV2LB3FQIKGGRJQ
https://block.voi.network/explorer/transaction/754ZIHZ4W6ILHSNCYAMC2BVP4Z5YEAWNNUWYXUV2LB3FQIKGGRJQ

Exists: DY6T5V6QITXP5VG4TYZ2HXIAWLRRI3AVKTJENTMA4I2W3L6MZMPQ
https://block.voi.network/explorer/transaction/DY6T5V6QITXP5VG4TYZ2HXIAWLRRI3AVKTJENTMA4I2W3L6MZMPQ

Exists: Z45KJYKZ7HZEH3WCCDU3DZTKMT3YYOP2HDMPBWZSWMO42C5AI5AQ
https://block.voi.network/explorer/transaction/Z45KJYKZ7HZEH3WCCDU3DZTKMT3YYOP2HDMPBWZSWMO42C5AI5AQ

Exists: QOMJXB3GU6BGYPJYJWKJUHUICYBQMZ7RLOTWIX4HKT6LS623OX6Q
https://block.voi.network/explorer/transaction/QOMJXB3GU6BGYPJYJWKJUHUICYBQMZ7RLOTWIX4HKT6LS623OX6Q

Exists: 2VK6BNYRUVD3GKPWOUVEW4EGKUGLJK66DPDVN26Z6QCJPZ57FJEA
https://block.voi.network/explorer/transaction/2VK6BNYRUVD3GKPWOUVEW4EGKUGLJK66DPDVN26Z6QCJPZ57FJEA

Exists: V36OSQA2MW6BR6YW7ILSS3QUFSV6OWOOOARGVTOGV6CFILF52NCA
https://block.voi.network/explorer/transaction/V36OSQA2MW6BR6YW7ILSS3QUFSV6OWOOOARGVTOGV6CFILF52NCA

Exists: V7HXXTRABM66YVQONDXCUIBUSESMDGQ2HHHO242NAELLCUX4OHWQ
https://block.voi.network/explorer/transaction/V7HXXTRABM66YVQONDXCUIBUSESMDGQ2HHHO242NAELLCUX4OHWQ

Exists: HQZHB75TLP7TF4SAAATIVFJV6YXXTUKLQAGAS33PJXNINX6I63HA
https://block.voi.network/explorer/transaction/HQZHB75TLP7TF4SAAATIVFJV6YXXTUKLQAGAS33PJXNINX6I63HA

Exists: FCB2CG3O4D4JVHJVVM2OEXOFQFM6BLMBH5VTPFDEOSTCW4JKW2CQ
https://block.voi.network/explorer/transaction/FCB2CG3O4D4JVHJVVM2OEXOFQFM6BLMBH5VTPFDEOSTCW4JKW2CQ


Exists: U4E3OZ4ZZ4LMT3UO5PC3ANOZA4LCEK6MYZE74KZ2KN5P6K4OLOUQ
https://block.voi.network/explorer/transaction/U4E3OZ4ZZ4LMT3UO5PC3ANOZA4LCEK6MYZE74KZ2KN5P6K4OLOUQ

Exists: 7QFL2QGYUDRL42UX4V6VR4QR2ZTOQPNXDKELTXBPSYCSVKMLGSCA
https://block.voi.network/explorer/transaction/7QFL2QGYUDRL42UX4V6VR4QR2ZTOQPNXDKELTXBPSYCSVKMLGSCA

Exists: Y4N3F2GA6Q3BFTIPDOPGPF3G4BYAYJRWEHUNAK4ZK6JBKYB72QOQ
https://block.voi.network/explorer/transaction/Y4N3F2GA6Q3BFTIPDOPGPF3G4BYAYJRWEHUNAK4ZK6JBKYB72QOQ

Exists: QFDUKD5CWW32WQQM2VPG35YS5YEJBW64TKI7JG3MMAKHRJMTXZ2Q
https://block.voi.network/explorer/transaction/QFDUKD5CWW32WQQM2VPG35YS5YEJBW64TKI7JG3MMAKHRJMTXZ2Q

Exists: WW2MCW2D3BGY3YHRTYNGVTATRMSQMJVDQLWRK3LPUGT66EYWCD7Q
https://block.voi.network/explorer/transaction/WW2MCW2D3BGY3YHRTYNGVTATRMSQMJVDQLWRK3LPUGT66EYWCD7Q

Exists: DZBWCSM4HL2NOMMZNH7FGT62BTIJPH7DGFN2OUDOKM6JUUOOTC6Q
https://block.voi.network/explorer/transaction/DZBWCSM4HL2NOMMZNH7FGT62BTIJPH7DGFN2OUDOKM6JUUOOTC6Q

Exists: 5BLMKWRDYKCS2VID5JMQRUJTH3JTVQ2C5Z3J6QST3PS23KRJ3JBQ
https://block.voi.network/explorer/transaction/5BLMKWRDYKCS2VID5JMQRUJTH3JTVQ2C5Z3J6QST3PS23KRJ3JBQ

Exists: 754ZIHZ4W6ILHSNCYAMC2BVP4Z5YEAWNNUWYXUV2LB3FQIKGGRJQ
https://block.voi.network/explorer/transaction/754ZIHZ4W6ILHSNCYAMC2BVP4Z5YEAWNNUWYXUV2LB3FQIKGGRJQ

Exists: DY6T5V6QITXP5VG4TYZ2HXIAWLRRI3AVKTJENTMA4I2W3L6MZMPQ
https://block.voi.network/explorer/transaction/DY6T5V6QITXP5VG4TYZ2HXIAWLRRI3AVKTJENTMA4I2W3L6MZMPQ

Exists: Z45KJYKZ7HZEH3WCCDU3DZTKMT3YYOP2HDMPBWZSWMO42C5AI5AQ
https://block.voi.network/explorer/transaction/Z45KJYKZ7HZEH3WCCDU3DZTKMT3YYOP2HDMPBWZSWMO42C5AI5AQ

Exists: QOMJXB3GU6BGYPJYJWKJUHUICYBQMZ7RLOTWIX4HKT6LS623OX6Q
https://block.voi.network/explorer/transaction/QOMJXB3GU6BGYPJYJWKJUHUICYBQMZ7RLOTWIX4HKT6LS623OX6Q

Exists: 2VK6BNYRUVD3GKPWOUVEW4EGKUGLJK66DPDVN26Z6QCJPZ57FJEA
https://block.voi.network/explorer/transaction/2VK6BNYRUVD3GKPWOUVEW4EGKUGLJK66DPDVN26Z6QCJPZ57FJEA

Exists: V36OSQA2MW6BR6YW7ILSS3QUFSV6OWOOOARGVTOGV6CFILF52NCA
https://block.voi.network/explorer/transaction/V36OSQA2MW6BR6YW7ILSS3QUFSV6OWOOOARGVTOGV6CFILF52NCA

Exists: V7HXXTRABM66YVQONDXCUIBUSESMDGQ2HHHO242NAELLCUX4OHWQ
https://block.voi.network/explorer/transaction/V7HXXTRABM66YVQONDXCUIBUSESMDGQ2HHHO242NAELLCUX4OHWQ

Exists: HQZHB75TLP7TF4SAAATIVFJV6YXXTUKLQAGAS33PJXNINX6I63HA
https://block.voi.network/explorer/transaction/HQZHB75TLP7TF4SAAATIVFJV6YXXTUKLQAGAS33PJXNINX6I63HA

Exists: FCB2CG3O4D4JVHJVVM2OEXOFQFM6BLMBH5VTPFDEOSTCW4JKW2CQ
https://block.voi.network/explorer/transaction/FCB2CG3O4D4JVHJVVM2OEXOFQFM6BLMBH5VTPFDEOSTCW4JKW2CQ

